<?xml version="1.0" encoding="UTF-8"?>
<!-- Generated by org.testng.reporters.JUnitReportReporter -->
<testsuite hostname="DESKTOP-R8CT5U1" failures="0" tests="4" name="testscript4.LoginTest" time="26.768" errors="0" timestamp="2025-07-25T17:50:03 IST" skipped="0">
  <testcase classname="testscript4.LoginTest" name="verifyuserisabletologinwithInvalidPassword" time="8.189"/>
  <testcase classname="testscript4.LoginTest" name="verifyuserisabletologinwithInvalidUsernameandInvalidPassword" time="4.931"/>
  <testcase classname="testscript4.LoginTest" name="verifyUserisabletologinwithValidCredentials" time="6.563"/>
  <testcase classname="testscript4.LoginTest" name="verifyUserisabletologinwithInvalidUsername" time="7.085"/>
</testsuite> <!-- testscript4.LoginTest -->
