<?xml version="1.0" encoding="UTF-8"?>
<!-- Generated by org.testng.reporters.JUnitReportReporter -->
<testsuite hostname="DESKTOP-R8CT5U1" failures="0" tests="4" name="testscript4.LoginTest" time="25.619" errors="0" timestamp="2025-07-28T23:40:02 IST" skipped="0">
  <testcase classname="testscript4.LoginTest" name="verifyUserisabletologinwithInvalidUsername" time="6.208"/>
  <testcase classname="testscript4.LoginTest" name="verifyuserisabletologinwithInvalidUsernameandInvalidPassword" time="5.753"/>
  <testcase classname="testscript4.LoginTest" name="verifyUserisabletologinwithValidCredentials" time="6.377"/>
  <testcase classname="testscript4.LoginTest" name="verifyuserisabletologinwithInvalidPassword" time="7.281"/>
</testsuite> <!-- testscript4.LoginTest -->
