<?xml version="1.0" encoding="UTF-8"?>
<!-- Generated by org.testng.reporters.JUnitReportReporter -->
<testsuite hostname="DESKTOP-R8CT5U1" failures="0" tests="1" name="testscript3.Login" time="7.204" errors="0" timestamp="2025-07-11T12:16:26 IST" skipped="0">
  <testcase classname="testscript3.Login" name="loginTest4" time="7.204"/>
</testsuite> <!-- testscript3.Login -->
